To honour the JVM settings for this build a single-use Daemon process will be forked. For more on this, please refer to https://docs.gradle.org/9.1.0/userguide/gradle_daemon.html#sec:disabling_the_daemon in the Gradle documentation.
Daemon will be stopped at the end of the build 

> Configure project :piggy-lib
Fabric Loom: 1.13.6

> Configure project :piggy-admin
Fabric Loom: 1.13.6

> Configure project :piggy-inventory
Fabric Loom: 1.13.6

> Configure project :
Fabric Loom: 1.13.6

> Task :compileJava NO-SOURCE
> Task :processResources NO-SOURCE
> Task :classes UP-TO-DATE
> Task :generateLog4jConfig UP-TO-DATE
> Task :piggy-admin:compileJava UP-TO-DATE
> Task :piggy-lib:compileJava UP-TO-DATE
> Task :piggy-inventory:compileJava UP-TO-DATE
> Task :piggy-lib:processResources UP-TO-DATE
> Task :piggy-lib:classes UP-TO-DATE
> Task :piggy-inventory:processResources UP-TO-DATE
> Task :piggy-inventory:classes UP-TO-DATE
> Task :piggy-admin:processResources UP-TO-DATE
> Task :piggy-admin:classes UP-TO-DATE
> Task :piggy-lib:compileClientJava NO-SOURCE
> Task :piggy-admin:compileClientJava NO-SOURCE
> Task :piggy-lib:processClientResources NO-SOURCE
> Task :piggy-admin:processClientResources NO-SOURCE
> Task :piggy-lib:jar UP-TO-DATE
> Task :piggy-admin:jar UP-TO-DATE
> Task :piggy-admin:processIncludeJars UP-TO-DATE
> Task :piggy-lib:processIncludeJars UP-TO-DATE
> Task :piggy-inventory:compileClientJava UP-TO-DATE
> Task :piggy-inventory:processClientResources UP-TO-DATE
> Task :piggy-inventory:jar UP-TO-DATE
> Task :piggy-inventory:processIncludeJars UP-TO-DATE
> Task :piggy-lib:remapJar UP-TO-DATE
> Task :piggy-inventory:remapJar UP-TO-DATE
> Task :piggy-admin:remapJar UP-TO-DATE
> Task :generateRemapClasspath
> Task :generateDLIConfig
> Task :configureLaunch

> Task :runServer
[34m[09:27:44][m [33m[main/WARN][m [36m(FabricLoader/Knot)[m [0mClass path entries reference missing files: /home/etoile/Projects/Minecraft/piggy-mods/piggy-build/build/classes/java/main, /home/etoile/Projects/Minecraft/piggy-mods/piggy-build/build/resources/main - the game may not load properly!
[m[34m[09:27:44][m [32m[main/INFO][m [36m(FabricLoader/GameProvider)[m [0mLoading Minecraft 1.21.1 with Fabric Loader 0.18.1
[m[34m[09:27:44][m [32m[main/INFO][m [36m(FabricLoader)[m [0mLoading 47 mods:
	- fabric-api 0.116.7+1.21.1
	- fabric-api-base 0.4.42+6573ed8c19
	- fabric-api-lookup-api-v1 1.6.71+b559734419
	- fabric-biome-api-v1 13.0.31+d527f9fd19
	- fabric-block-api-v1 1.1.0+0bc3503219
	- fabric-block-view-api-v2 1.0.11+ebb2264e19
	- fabric-command-api-v1 1.2.49+f71b366f19
	- fabric-command-api-v2 2.2.28+6ced4dd919
	- fabric-commands-v0 0.2.66+df3654b319
	- fabric-content-registries-v0 8.0.19+b559734419
	- fabric-convention-tags-v1 2.1.5+7f945d5b19
	- fabric-convention-tags-v2 2.11.1+a406e79519
	- fabric-crash-report-info-v1 0.2.29+0af3f5a719
	- fabric-data-attachment-api-v1 1.4.5+6116a37819
	- fabric-data-generation-api-v1 20.2.34+37516cd619
	- fabric-dimensions-v1 4.0.1+65213ef819
	- fabric-entity-events-v1 1.8.0+2b27e0a419
	- fabric-events-interaction-v0 0.7.13+ba9dae0619
	- fabric-game-rule-api-v1 1.0.53+6ced4dd919
	- fabric-gametest-api-v1 2.0.5+6fc22b9919
	- fabric-item-api-v1 11.2.0+3b3cb2e819
	- fabric-item-group-api-v1 4.1.7+def88e3a19
	- fabric-language-kotlin 1.10.19+kotlin.1.9.23
	- fabric-lifecycle-events-v1 2.6.0+0865547519
	- fabric-loot-api-v2 3.0.15+3f89f5a519
	- fabric-loot-api-v3 1.0.3+3f89f5a519
	- fabric-message-api-v1 6.0.14+8aaf3aca19
	- fabric-networking-api-v1 4.3.0+c7469b2119
	- fabric-object-builder-api-v1 15.2.1+40875a9319
	- fabric-particles-v1 4.0.2+6573ed8c19
	- fabric-recipe-api-v1 5.0.15+2475392c19
	- fabric-registry-sync-v0 5.3.1+e3eddc2119
	- fabric-rendering-data-attachment-v1 0.3.49+73761d2e19
	- fabric-rendering-fluids-v1 3.1.6+1daea21519
	- fabric-resource-conditions-api-v1 4.3.0+8dc279b119
	- fabric-resource-loader-v0 1.3.1+5b5275af19
	- fabric-screen-handler-api-v1 1.3.90+b559734419
	- fabric-transfer-api-v1 5.4.3+c24bd99419
	- fabric-transitive-access-wideners-v1 6.2.0+45b9699719
	- fabricloader 0.18.1
	- java 25
	- minecraft 1.21.1
	- mixinextras 0.5.0
	- piggy-admin 1.0.1
	- piggy-inventory 1.0.0
	- piggy-lib 1.0.0
	- yet_another_config_lib_v3 3.6.1+1.21-fabric
[m[34m[09:27:44][m [32m[main/INFO][m [36m(FabricLoader/Mixin)[m [0mSpongePowered MIXIN Subsystem Version=0.8.7 Source=file:/home/etoile/.gradle/caches/modules-2/files-2.1/net.fabricmc/sponge-mixin/0.16.5+mixin.0.8.7/80fc3a9f592673cea87f4cd702f87991c6c9fe4d/sponge-mixin-0.16.5+mixin.0.8.7.jar Service=Knot/Fabric Env=SERVER
[m[34m[09:27:44][m [32m[main/INFO][m [36m(FabricLoader/Mixin)[m [0mLoaded Fabric development mappings for mixin remapper!
[m[34m[09:27:44][m [32m[main/INFO][m [36m(FabricLoader/Mixin)[m [0mCompatibility level set to JAVA_17
[m[34m[09:27:44][m [32m[main/INFO][m [36m(FabricLoader/Mixin)[m [0mCompatibility level set to JAVA_21
[m[34m[09:27:44][m [32m[main/INFO][m [36m(FabricLoader/MixinExtras|Service)[m [0mInitializing MixinExtras via com.llamalad7.mixinextras.service.MixinExtrasServiceImpl(version=0.5.0).
[mWARNING: A restricted method in java.lang.System has been called
WARNING: java.lang.System::load has been called by com.sun.jna.Native in an unnamed module (file:/home/etoile/.gradle/caches/modules-2/files-2.1/net.java.dev.jna/jna/5.14.0/67bf3eaea4f0718cb376a181a629e5f88fa1c9dd/jna-5.14.0.jar)
WARNING: Use --enable-native-access=ALL-UNNAMED to avoid a warning for callers in this module
WARNING: Restricted methods will be blocked in a future release unless native access is enabled

WARNING: A terminally deprecated method in sun.misc.Unsafe has been called
WARNING: sun.misc.Unsafe::objectFieldOffset has been called by com.google.common.util.concurrent.AbstractFuture$UnsafeAtomicHelper (file:/home/etoile/.gradle/caches/modules-2/files-2.1/com.google.guava/guava/32.1.2-jre/5e64ec7e056456bef3a4bc4c6fdaef71e8ab6318/guava-32.1.2-jre.jar)
WARNING: Please consider reporting this to the maintainers of class com.google.common.util.concurrent.AbstractFuture$UnsafeAtomicHelper
WARNING: sun.misc.Unsafe::objectFieldOffset will be removed in a future release
[34m[09:27:47][m [32m[main/INFO][m [36m(piggy-admin)[m [0mEhlo from Piggy Admin!
[m[34m[09:27:47][m [32m[main/INFO][m [36m(piggy-lib)[m [0mInitializing Piggy Lib
[m[34m[09:27:47][m [32m[main/INFO][m [36m(Minecraft)[m [0mEnvironment: Environment[sessionHost=https://sessionserver.mojang.com, servicesHost=https://api.minecraftservices.com, name=PROD]
[m[34m[09:27:48][m [32m[main/INFO][m [36m(Minecraft)[m [0mLoaded 1290 recipes
[m[34m[09:27:48][m [32m[main/INFO][m [36m(Minecraft)[m [0mLoaded 1399 advancements
[m[34m[09:27:48][m [32m[main/INFO][m [36m(BiomeModificationImpl)[m [0mApplied 0 biome modifications to 0 of 64 new biomes in 683.7 μs
[m[34m[09:27:48][m [32m[Server thread/INFO][m [36m(Minecraft)[m [0mStarting minecraft server version 1.21.1
[m[34m[09:27:48][m [32m[Server thread/INFO][m [36m(Minecraft)[m [0mLoading properties
[m[34m[09:27:48][m [32m[Server thread/INFO][m [36m(Minecraft)[m [0mDefault game type: SURVIVAL
[m[34m[09:27:48][m [32m[Server thread/INFO][m [36m(Minecraft)[m [0mGenerating keypair
[m[34m[09:27:48][m [32m[Server thread/INFO][m [36m(Minecraft)[m [0mStarting Minecraft server on *:25565
[m[34m[09:27:48][m [32m[Server thread/INFO][m [36m(Minecraft)[m [0mUsing epoll channel type
[m[34m[09:27:48][m [33m[Server thread/WARN][m [36m(Minecraft)[m [0m**** SERVER IS RUNNING IN OFFLINE/INSECURE MODE!
[m[34m[09:27:48][m [33m[Server thread/WARN][m [36m(Minecraft)[m [0mThe server will make no attempt to authenticate usernames. Beware.
[m[34m[09:27:48][m [33m[Server thread/WARN][m [36m(Minecraft)[m [0mWhile this makes the game possible to play without internet access, it also opens up the ability for hackers to connect with any username they choose.
[m[34m[09:27:48][m [33m[Server thread/WARN][m [36m(Minecraft)[m [0mTo change this, set "online-mode" to "true" in the server.properties file.
[m[34m[09:27:48][m [32m[Server thread/INFO][m [36m(Minecraft)[m [0mPreparing level "world"
[m[34m[09:27:49][m [32m[Server thread/INFO][m [36m(Minecraft)[m [0mPreparing start region for dimension minecraft:overworld
[m[34m[09:27:49][m [32m[Worker-Main-12/INFO][m [36m(Minecraft)[m [0mPreparing spawn area: 0%
[m[34m[09:27:49][m [32m[Server thread/INFO][m [36m(Minecraft)[m [0mTime elapsed: 348 ms
[m[34m[09:27:49][m [32m[Server thread/INFO][m [36m(Minecraft)[m [0mDone (0.922s)! For help, type "help"
[m